{ Start Job wf_CLIMATE_FINANCE at Thu Nov 29 21:00:01 CET 2018
User Current Path: /home/undpccca/etl/wf_CLIMATE_FINANCE
Project name: CAMCLIMATE | Job name: Lib_ContextReader: context will be loaded from sub folder ./context/wf_CLIMATE_FINANCE.CAMCLIMATE_TEST.cfg
.----------------------+-----------------------------------------------------------------.
|                                   Context Parameters                                   |
|=---------------------+----------------------------------------------------------------=|
|key                   |value                                                            |
|=---------------------+----------------------------------------------------------------=|
|MySQL_Server          |localhost                                                        |
|MySQL_Database        |zadmin_zbiundpccca                                               |
|MySQL_Port            |3306                                                             |
|MySQL_Login           |zbiundpccca                                                      |
|MySQL_AdditionalParams|noDatetimeStringSync=true&useUnicode=true&characterEncoding=UTF-8|
|P_DATE_format         |dd-MMM-yyyy                                                      |
|P_Timestamp_format    |yyyy-MM-dd HH:mm:ss                                              |
|P_Default_String      |#                                                                |
|P_Default_Number      |0                                                                |
|P_Default_Date_String |01-Jan-1000                                                      |
|P_Default_Date_ID     |10000101                                                         |
'----------------------+-----------------------------------------------------------------'

===> Start Job m_cdc_s_odadata_frp at Thu Nov 29 21:00:02 CET 2018
P_Data_Year|2019
P_ETL_STATUS|0
org.apache.poi.openxml4j.exceptions.InvalidOperationException: Can't open the specified file input stream from file: '/home/undpccca/www/sites/default/private/reports/datasource/20180821_CDC _TEST_2019.xlsx'
P_FILE_1_STATUS|-1
P_FILE_1_STATUS|1
P_FILE_1_STATUS|File is processing
=== End Job m_cdc_s_odadata_frp at Thu Nov 29 21:00:02 CET 2018
End Job wf_CLIMATE_FINANCE at Thu Nov 29 21:00:02 CET 2018  }
