{ Start Job wf_CLIMATE_FINANCE at Sun Jan 13 21:00:02 CET 2019
User Current Path: /home/undpccca/etl/wf_CLIMATE_FINANCE
Project name: CAMCLIMATE | Job name: Lib_ContextReader: context will be loaded from sub folder ./context/wf_CLIMATE_FINANCE.CAMCLIMATE_TEST.cfg
.----------------------+-----------------------------------------------------------------.
|                                   Context Parameters                                   |
|=---------------------+----------------------------------------------------------------=|
|key                   |value                                                            |
|=---------------------+----------------------------------------------------------------=|
|MySQL_Server          |localhost                                                        |
|MySQL_Database        |zadmin_zbiundpccca                                               |
|MySQL_Port            |3306                                                             |
|MySQL_Login           |zbiundpccca                                                      |
|MySQL_AdditionalParams|noDatetimeStringSync=true&useUnicode=true&characterEncoding=UTF-8|
|P_DATE_format         |dd-MMM-yyyy                                                      |
|P_Timestamp_format    |yyyy-MM-dd HH:mm:ss                                              |
|P_Default_String      |#                                                                |
|P_Default_Number      |0                                                                |
|P_Default_Date_String |01-Jan-1000                                                      |
|P_Default_Date_ID     |10000101                                                         |
'----------------------+-----------------------------------------------------------------'

===> Start Job m_cdc_s_odadata_frp at Sun Jan 13 21:00:03 CET 2019
P_FILE_1_STATUS|-1
=== End Job m_cdc_s_odadata_frp at Sun Jan 13 21:00:03 CET 2019
End Job wf_CLIMATE_FINANCE at Sun Jan 13 21:00:03 CET 2019  }
