{ Start Job wf_CLIMATE_FINANCE at Sun May 05 21:00:01 CEST 2019
User Current Path: /home/undpccca/etl/wf_CLIMATE_FINANCE
Project name: CAMCLIMATE | Job name: Lib_ContextReader: context will be loaded from sub folder ./context/wf_CLIMATE_FINANCE.CAMCLIMATE_PROD.cfg
.----------------------+-----------------------------------------------------------------.
|                                   Context Parameters                                   |
|=---------------------+----------------------------------------------------------------=|
|key                   |value                                                            |
|=---------------------+----------------------------------------------------------------=|
|MySQL_Server          |localhost                                                        |
|MySQL_Database        |zadmin_zbiundpccca                                               |
|MySQL_Port            |3306                                                             |
|MySQL_Login           |zbiundpccca                                                      |
|MySQL_AdditionalParams|noDatetimeStringSync=true&useUnicode=true&characterEncoding=UTF-8|
|P_DATE_format         |dd-MMM-yyyy                                                      |
|P_Timestamp_format    |yyyy-MM-dd HH:mm:ss                                              |
|P_Default_String      |#                                                                |
|P_Default_Number      |0                                                                |
|P_Default_Date_String |01-Jan-1000                                                      |
|P_Default_Date_ID     |10000101                                                         |
'----------------------+-----------------------------------------------------------------'

===> Start Job m_cdc_s_odadata_frp at Sun May 05 21:00:01 CEST 2019
P_FILE_1_STATUS|-1
=== End Job m_cdc_s_odadata_frp at Sun May 05 21:00:01 CEST 2019
End Job wf_CLIMATE_FINANCE at Sun May 05 21:00:01 CEST 2019  }
wf_CLIMATE_FINANCE is Done .
Hi, I'm sleeping for 300 seconds...
Starting with wf_CDC_REPORT..
{ Start Job wf_CDC_REPORT at Sun May 05 21:05:02 CEST 2019
User Current Path: /home/undpccca/etl/wf_CDC_REPORT
Project name: CAMCLIMATE | Job name: Lib_ContextReader: context will be loaded from sub folder ./context/wf_CDC_REPORT.CAMCLIMATE_PROD.cfg
.----------------------+-----------------------------------------------------------------.
|                                   Context Parameters                                   |
|=---------------------+----------------------------------------------------------------=|
|key                   |value                                                            |
|=---------------------+----------------------------------------------------------------=|
|MySQL_Server          |localhost                                                        |
|MySQL_Database        |zadmin_zbiundpccca                                               |
|MySQL_Port            |3306                                                             |
|MySQL_Login           |zbiundpccca                                                      |
|MySQL_AdditionalParams|noDatetimeStringSync=true&useUnicode=true&characterEncoding=UTF-8|
|P_DATE_format         |dd-MMM-yyyy                                                      |
|P_Timestamp_format    |yyyy-MM-dd HH:mm:ss                                              |
|P_Default_String      |#                                                                |
|P_Default_Number      |0                                                                |
|P_Default_Date_String |01-Jan-1000                                                      |
|P_Default_Date_ID     |10000101                                                         |
'----------------------+-----------------------------------------------------------------'

===> Start Job m_cdc_temp_odadata_frp at Sun May 05 21:05:02 CEST 2019
=== End Job m_cdc_temp_odadata_frp at Sun May 05 21:05:04 CEST 2019
===> Start Job m_cdc_t_finance_donor_l5y_frp at Sun May 05 21:05:04 CEST 2019
=== End Job m_cdc_t_finance_donor_l5y_frp at Sun May 05 21:05:11 CEST 2019
===> Start Job m_cdc_t_geo_cambodia_top3levels_frp at Sun May 05 21:05:11 CEST 2019
=== End Job m_cdc_t_geo_cambodia_top3levels_frp at Sun May 05 21:05:12 CEST 2019
===> Start Job m_cdc_t_finance_sector_l5y_frp at Sun May 05 21:05:12 CEST 2019
=== End Job m_cdc_t_finance_sector_l5y_frp at Sun May 05 21:05:27 CEST 2019
===> Start Job m_cdc_t_fr_finance_donor_l5y_frp at Sun May 05 21:05:27 CEST 2019
=== End Job m_cdc_t_fr_finance_donor_l5y_frp at Sun May 05 21:05:34 CEST 2019
===> Start Job m_cdc_t_fr_finance_sector_l5y_frp at Sun May 05 21:05:34 CEST 2019
=== End Job m_cdc_t_fr_finance_sector_l5y_frp at Sun May 05 21:05:49 CEST 2019
===> Start Job m_cdc_t_finance_ly_climate_change_by_thematic_level_frp at Sun May 05 21:05:49 CEST 2019
=== End Job m_cdc_t_finance_ly_climate_change_by_thematic_level_frp at Sun May 05 21:07:00 CEST 2019
===> Start Job m_cdc_t_fr_finance_ly_climate_change_by_thematic_level_frp at Sun May 05 21:07:00 CEST 2019
=== End Job m_cdc_t_fr_finance_ly_climate_change_by_thematic_level_frp at Sun May 05 21:08:12 CEST 2019
End Job wf_CDC_REPORT at Sun May 05 21:08:12 CEST 2019  }
All Done.
