{ Start Job wf_CLIMATE_FINANCE at Thu Mar 07 21:00:02 CET 2019
User Current Path: /home/undpccca/etl/wf_CLIMATE_FINANCE
Project name: CAMCLIMATE | Job name: Lib_ContextReader: context will be loaded from sub folder ./context/wf_CLIMATE_FINANCE.CAMCLIMATE_PROD.cfg
.----------------------+-----------------------------------------------------------------.
|                                   Context Parameters                                   |
|=---------------------+----------------------------------------------------------------=|
|key                   |value                                                            |
|=---------------------+----------------------------------------------------------------=|
|MySQL_Server          |localhost                                                        |
|MySQL_Database        |zadmin_zbiundpccca                                               |
|MySQL_Port            |3306                                                             |
|MySQL_Login           |zbiundpccca                                                      |
|MySQL_AdditionalParams|noDatetimeStringSync=true&useUnicode=true&characterEncoding=UTF-8|
|P_DATE_format         |dd-MMM-yyyy                                                      |
|P_Timestamp_format    |yyyy-MM-dd HH:mm:ss                                              |
|P_Default_String      |#                                                                |
|P_Default_Number      |0                                                                |
|P_Default_Date_String |01-Jan-1000                                                      |
|P_Default_Date_ID     |10000101                                                         |
'----------------------+-----------------------------------------------------------------'

===> Start Job m_cdc_s_odadata_frp at Thu Mar 07 21:00:02 CET 2019
P_FILE_1_STATUS|-1
=== End Job m_cdc_s_odadata_frp at Thu Mar 07 21:00:03 CET 2019
End Job wf_CLIMATE_FINANCE at Thu Mar 07 21:00:03 CET 2019  }
wf_CLIMATE_FINANCE is Done .
Hi, I'm sleeping for 30 seconds...
Starting with wf_CDC_REPORT..
{ Start Job wf_CDC_REPORT at Thu Mar 07 21:00:33 CET 2019
User Current Path: /home/undpccca/etl/wf_CDC_REPORT
Project name: CAMCLIMATE | Job name: Lib_ContextReader: context will be loaded from sub folder ./context/wf_CDC_REPORT.CAMCLIMATE_PROD.cfg
.----------------------+-----------------------------------------------------------------.
|                                   Context Parameters                                   |
|=---------------------+----------------------------------------------------------------=|
|key                   |value                                                            |
|=---------------------+----------------------------------------------------------------=|
|MySQL_Server          |localhost                                                        |
|MySQL_Database        |zadmin_zbiundpccca                                               |
|MySQL_Port            |3306                                                             |
|MySQL_Login           |zbiundpccca                                                      |
|MySQL_AdditionalParams|noDatetimeStringSync=true&useUnicode=true&characterEncoding=UTF-8|
|P_DATE_format         |dd-MMM-yyyy                                                      |
|P_Timestamp_format    |yyyy-MM-dd HH:mm:ss                                              |
|P_Default_String      |#                                                                |
|P_Default_Number      |0                                                                |
|P_Default_Date_String |01-Jan-1000                                                      |
|P_Default_Date_ID     |10000101                                                         |
'----------------------+-----------------------------------------------------------------'

===> Start Job m_cdc_temp_odadata_frp at Thu Mar 07 21:00:33 CET 2019
=== End Job m_cdc_temp_odadata_frp at Thu Mar 07 21:00:36 CET 2019
===> Start Job m_cdc_t_finance_donor_l5y_frp at Thu Mar 07 21:00:36 CET 2019
=== End Job m_cdc_t_finance_donor_l5y_frp at Thu Mar 07 21:00:46 CET 2019
===> Start Job m_cdc_t_geo_cambodia_top3levels_frp at Thu Mar 07 21:00:46 CET 2019
=== End Job m_cdc_t_geo_cambodia_top3levels_frp at Thu Mar 07 21:00:47 CET 2019
===> Start Job m_cdc_t_finance_sector_l5y_frp at Thu Mar 07 21:00:47 CET 2019
=== End Job m_cdc_t_finance_sector_l5y_frp at Thu Mar 07 21:01:09 CET 2019
===> Start Job m_cdc_t_fr_finance_donor_l5y_frp at Thu Mar 07 21:01:10 CET 2019
=== End Job m_cdc_t_fr_finance_donor_l5y_frp at Thu Mar 07 21:01:19 CET 2019
===> Start Job m_cdc_t_fr_finance_sector_l5y_frp at Thu Mar 07 21:01:19 CET 2019
=== End Job m_cdc_t_fr_finance_sector_l5y_frp at Thu Mar 07 21:01:42 CET 2019
===> Start Job m_cdc_t_finance_ly_climate_change_by_thematic_level_frp at Thu Mar 07 21:01:42 CET 2019
=== End Job m_cdc_t_finance_ly_climate_change_by_thematic_level_frp at Thu Mar 07 21:03:13 CET 2019
===> Start Job m_cdc_t_fr_finance_ly_climate_change_by_thematic_level_frp at Thu Mar 07 21:03:13 CET 2019
=== End Job m_cdc_t_fr_finance_ly_climate_change_by_thematic_level_frp at Thu Mar 07 21:04:42 CET 2019
End Job wf_CDC_REPORT at Thu Mar 07 21:04:42 CET 2019  }
All Done.
