{ Start Job wf_CLIMATE_FINANCE at Sun Mar 17 21:00:02 CET 2019
User Current Path: /home/undpccca/etl/wf_CLIMATE_FINANCE
Project name: CAMCLIMATE | Job name: Lib_ContextReader: context will be loaded from sub folder ./context/wf_CLIMATE_FINANCE.CAMCLIMATE_PROD.cfg
.----------------------+-----------------------------------------------------------------.
|                                   Context Parameters                                   |
|=---------------------+----------------------------------------------------------------=|
|key                   |value                                                            |
|=---------------------+----------------------------------------------------------------=|
|MySQL_Server          |localhost                                                        |
|MySQL_Database        |zadmin_zbiundpccca                                               |
|MySQL_Port            |3306                                                             |
|MySQL_Login           |zbiundpccca                                                      |
|MySQL_AdditionalParams|noDatetimeStringSync=true&useUnicode=true&characterEncoding=UTF-8|
|P_DATE_format         |dd-MMM-yyyy                                                      |
|P_Timestamp_format    |yyyy-MM-dd HH:mm:ss                                              |
|P_Default_String      |#                                                                |
|P_Default_Number      |0                                                                |
|P_Default_Date_String |01-Jan-1000                                                      |
|P_Default_Date_ID     |10000101                                                         |
'----------------------+-----------------------------------------------------------------'

===> Start Job m_cdc_s_odadata_frp at Sun Mar 17 21:00:03 CET 2019
P_Data_Year|2020
Duplicate entry '190317210003' for key 'PRIMARY'P_ETL_STATUS|0
P_FILE_1_STATUS|0
P_Data_Year|2020
P_ETL_STATUS|0
P_FILE_1_STATUS|0
P_Data_Year|2020
P_ETL_STATUS|-1
P_FILE_1_STATUS|0
=== End Job m_cdc_s_odadata_frp at Sun Mar 17 21:00:12 CET 2019
End Job wf_CLIMATE_FINANCE at Sun Mar 17 21:00:12 CET 2019  }
wf_CLIMATE_FINANCE is Done .
Hi, I'm sleeping for 300 seconds...
Starting with wf_CDC_REPORT..
{ Start Job wf_CDC_REPORT at Sun Mar 17 21:05:13 CET 2019
User Current Path: /home/undpccca/etl/wf_CDC_REPORT
Project name: CAMCLIMATE | Job name: Lib_ContextReader: context will be loaded from sub folder ./context/wf_CDC_REPORT.CAMCLIMATE_PROD.cfg
.----------------------+-----------------------------------------------------------------.
|                                   Context Parameters                                   |
|=---------------------+----------------------------------------------------------------=|
|key                   |value                                                            |
|=---------------------+----------------------------------------------------------------=|
|MySQL_Server          |localhost                                                        |
|MySQL_Database        |zadmin_zbiundpccca                                               |
|MySQL_Port            |3306                                                             |
|MySQL_Login           |zbiundpccca                                                      |
|MySQL_AdditionalParams|noDatetimeStringSync=true&useUnicode=true&characterEncoding=UTF-8|
|P_DATE_format         |dd-MMM-yyyy                                                      |
|P_Timestamp_format    |yyyy-MM-dd HH:mm:ss                                              |
|P_Default_String      |#                                                                |
|P_Default_Number      |0                                                                |
|P_Default_Date_String |01-Jan-1000                                                      |
|P_Default_Date_ID     |10000101                                                         |
'----------------------+-----------------------------------------------------------------'

===> Start Job m_cdc_temp_odadata_frp at Sun Mar 17 21:05:13 CET 2019
=== End Job m_cdc_temp_odadata_frp at Sun Mar 17 21:05:20 CET 2019
===> Start Job m_cdc_t_finance_donor_l5y_frp at Sun Mar 17 21:05:20 CET 2019
=== End Job m_cdc_t_finance_donor_l5y_frp at Sun Mar 17 21:07:20 CET 2019
===> Start Job m_cdc_t_geo_cambodia_top3levels_frp at Sun Mar 17 21:07:20 CET 2019
=== End Job m_cdc_t_geo_cambodia_top3levels_frp at Sun Mar 17 21:07:20 CET 2019
===> Start Job m_cdc_t_finance_sector_l5y_frp at Sun Mar 17 21:07:20 CET 2019
=== End Job m_cdc_t_finance_sector_l5y_frp at Sun Mar 17 21:07:56 CET 2019
===> Start Job m_cdc_t_fr_finance_donor_l5y_frp at Sun Mar 17 21:07:56 CET 2019
=== End Job m_cdc_t_fr_finance_donor_l5y_frp at Sun Mar 17 21:07:57 CET 2019
===> Start Job m_cdc_t_fr_finance_sector_l5y_frp at Sun Mar 17 21:07:57 CET 2019
=== End Job m_cdc_t_fr_finance_sector_l5y_frp at Sun Mar 17 21:07:58 CET 2019
===> Start Job m_cdc_t_finance_ly_climate_change_by_thematic_level_frp at Sun Mar 17 21:07:58 CET 2019
=== End Job m_cdc_t_finance_ly_climate_change_by_thematic_level_frp at Sun Mar 17 21:12:52 CET 2019
===> Start Job m_cdc_t_fr_finance_ly_climate_change_by_thematic_level_frp at Sun Mar 17 21:12:52 CET 2019
=== End Job m_cdc_t_fr_finance_ly_climate_change_by_thematic_level_frp at Sun Mar 17 21:12:53 CET 2019
End Job wf_CDC_REPORT at Sun Mar 17 21:12:53 CET 2019  }
All Done.
